<?xml version="1.0" encoding="UTF-8"?>
<!-- Generated by org.testng.reporters.JUnitReportReporter -->
<testsuite hostname="DESKTOP-NU5EIFA" name="TestCases.TC04" tests="1" failures="0" timestamp="28 Oct 2020 11:59:47 GMT" time="11.358" errors="0">
  <testcase name="TC_4" time="11.358" classname="TestCases.TC04"/>
</testsuite> <!-- TestCases.TC04 -->
