<?xml version="1.0" encoding="UTF-8"?>
<!-- Generated by org.testng.reporters.JUnitReportReporter -->
<testsuite hostname="DESKTOP-NU5EIFA" name="TestCases.TC03" tests="1" failures="0" timestamp="28 Oct 2020 12:46:29 GMT" time="12.287" errors="0">
  <testcase name="TC_3" time="12.287" classname="TestCases.TC03"/>
</testsuite> <!-- TestCases.TC03 -->
