<?xml version="1.0" encoding="UTF-8"?>
<!-- Generated by org.testng.reporters.JUnitReportReporter -->
<testsuite hostname="DESKTOP-NU5EIFA" name="TestCases.TC02" tests="1" failures="0" timestamp="28 Oct 2020 12:45:45 GMT" time="26.398" errors="0">
  <testcase name="TC_2" time="26.398" classname="TestCases.TC02"/>
</testsuite> <!-- TestCases.TC02 -->
